TN:
SF:test\src\curlProofOfWork.spec.ts
FN:8,(anonymous_14)
FN:9,(anonymous_15)
FN:14,(anonymous_16)
FN:15,(anonymous_17)
FNF:4
FNH:4
FNDA:1,(anonymous_14)
FNDA:1,(anonymous_15)
FNDA:1,(anonymous_16)
FNDA:2,(anonymous_17)
DA:4,1
DA:5,1
DA:6,1
DA:8,1
DA:9,1
DA:10,1
DA:11,1
DA:14,1
DA:15,1
DA:17,1
DA:19,1
DA:21,1
DA:22,1
DA:23,1
DA:25,1
LF:15
LH:15
BRF:0
BRH:0
end_of_record
TN:
SF:src\curlProofOfWork.ts
FN:10,(anonymous_13)
FN:15,(anonymous_15)
FN:16,(anonymous_18)
FN:32,(anonymous_19)
FNF:4
FNH:4
FNDA:3,(anonymous_13)
FNDA:1,(anonymous_15)
FNDA:1,(anonymous_18)
FNDA:1,(anonymous_19)
DA:1,1
DA:2,1
DA:4,1
DA:5,1
DA:10,2
DA:15,1
DA:16,1
DA:17,1
DA:18,1
DA:19,1
DA:21,0
DA:32,1
DA:33,1
DA:34,0
DA:36,1
DA:37,0
DA:39,1
DA:41,1
DA:42,1
DA:43,1
DA:45,1
LF:21
LH:18
BRDA:33,1,0,0
BRDA:33,1,1,1
BRDA:33,2,0,1
BRDA:33,2,1,1
BRDA:36,3,0,0
BRDA:36,3,1,1
BRF:6
BRH:4
end_of_record
TN:
SF:src\pearlDiver\pearlDiver.ts
FN:22,(anonymous_14)
FN:73,PearlDiver
FN:100,(anonymous_16)
FN:112,(anonymous_17)
FN:121,(anonymous_20)
FN:128,(anonymous_21)
FN:137,(anonymous_22)
FN:144,(anonymous_23)
FN:149,(anonymous_24)
FN:157,(anonymous_25)
FN:164,(anonymous_26)
FN:171,(anonymous_29)
FN:184,(anonymous_30)
FN:189,(anonymous_31)
FN:209,(anonymous_32)
FN:221,(anonymous_33)
FN:232,(anonymous_34)
FN:236,(anonymous_35)
FN:240,(anonymous_36)
FN:250,(anonymous_37)
FN:260,(anonymous_38)
FN:266,(anonymous_39)
FN:274,(anonymous_40)
FN:278,(anonymous_41)
FN:278,(anonymous_42)
FN:279,(anonymous_43)
FN:280,(anonymous_44)
FN:286,(anonymous_45)
FN:287,(anonymous_46)
FNF:29
FNH:19
FNDA:1,(anonymous_14)
FNDA:1,PearlDiver
FNDA:1,(anonymous_16)
FNDA:1,(anonymous_17)
FNDA:0,(anonymous_20)
FNDA:0,(anonymous_21)
FNDA:0,(anonymous_22)
FNDA:0,(anonymous_23)
FNDA:1,(anonymous_24)
FNDA:243,(anonymous_25)
FNDA:1,(anonymous_26)
FNDA:1,(anonymous_29)
FNDA:1,(anonymous_30)
FNDA:729,(anonymous_31)
FNDA:1,(anonymous_32)
FNDA:2,(anonymous_33)
FNDA:1,(anonymous_34)
FNDA:1,(anonymous_35)
FNDA:1,(anonymous_36)
FNDA:1,(anonymous_37)
FNDA:0,(anonymous_38)
FNDA:243,(anonymous_39)
FNDA:0,(anonymous_40)
FNDA:0,(anonymous_41)
FNDA:0,(anonymous_42)
FNDA:0,(anonymous_43)
FNDA:0,(anonymous_44)
FNDA:1,(anonymous_45)
FNDA:5708600,(anonymous_46)
DA:1,1
DA:2,1
DA:3,1
DA:5,1
DA:6,1
DA:7,1
DA:8,1
DA:9,1
DA:10,1
DA:11,1
DA:12,1
DA:13,1
DA:14,1
DA:17,1
DA:22,1
DA:26,1
DA:29,1
DA:31,1
DA:33,1
DA:35,1
DA:37,1
DA:39,1
DA:41,1
DA:43,1
DA:45,1
DA:47,1
DA:73,1
DA:74,1
DA:75,1
DA:76,1
DA:77,1
DA:78,1
DA:79,1
DA:80,1
DA:81,1
DA:82,1
DA:84,1
DA:85,1
DA:86,1
DA:87,1
DA:88,1
DA:89,1
DA:90,1
DA:91,1
DA:92,1
DA:93,1
DA:94,1
DA:100,1
DA:101,1
DA:102,1
DA:112,1
DA:113,1
DA:114,1
DA:121,1
DA:122,0
DA:128,1
DA:129,0
DA:130,0
DA:137,1
DA:138,0
DA:144,1
DA:145,0
DA:149,1
DA:150,1
DA:151,1
DA:152,1
DA:153,1
DA:154,1
DA:155,1
DA:158,243
DA:160,1
DA:164,1
DA:165,1
DA:166,0
DA:171,1
DA:172,1
DA:177,1
DA:178,1
DA:184,1
DA:185,1
DA:189,1
DA:190,729
DA:192,396
DA:193,396
DA:194,396
DA:196,172
DA:197,172
DA:198,172
DA:200,161
DA:201,161
DA:204,1
DA:205,1
DA:209,1
DA:210,1
DA:211,1
DA:212,1
DA:213,1
DA:214,1
DA:215,1
DA:216,1
DA:217,1
DA:221,1
DA:222,2
DA:223,2
DA:224,1
DA:225,1
DA:227,1
DA:232,1
DA:233,1
DA:234,1
DA:235,1
DA:236,1
DA:240,1
DA:241,1
DA:242,729
DA:243,729
DA:244,729
DA:245,729
DA:250,1
DA:251,1
DA:252,1
DA:253,1
DA:254,1
DA:256,1
DA:257,0
DA:258,0
DA:260,0
DA:262,1
DA:263,1
DA:266,243
DA:268,1
DA:269,1
DA:274,1
DA:275,0
DA:278,0
DA:279,0
DA:280,0
DA:282,0
DA:286,1
DA:287,5708600
DA:289,1
LF:141
LH:127
BRDA:101,1,0,1
BRDA:101,1,1,0
BRDA:129,2,0,0
BRDA:129,2,1,0
BRDA:165,3,0,0
BRDA:165,3,1,1
BRDA:165,4,0,1
BRDA:165,4,1,1
BRDA:177,5,0,1
BRDA:177,5,1,0
BRDA:191,6,0,396
BRDA:191,6,1,172
BRDA:191,6,2,161
BRDA:223,7,0,1
BRDA:223,7,1,1
BRDA:256,8,0,0
BRDA:256,8,1,1
BRDA:257,9,0,0
BRDA:257,9,1,0
BRDA:278,10,0,0
BRDA:278,10,1,0
BRDA:279,11,0,0
BRDA:279,11,1,0
BRDA:279,12,0,0
BRDA:279,12,1,0
BRDA:280,13,0,0
BRDA:280,13,1,0
BRDA:287,14,0,5708600
BRDA:287,14,1,5708600
BRDA:287,15,0,1427150
BRDA:287,15,1,4281450
BRF:31
BRH:15
end_of_record
TN:
SF:src\shaders\add.ts
FNF:0
FNH:0
DA:4,1
LF:1
LH:1
BRF:0
BRH:0
end_of_record
TN:
SF:src\shaders\checkCol.ts
FNF:0
FNH:0
DA:4,1
LF:1
LH:1
BRF:0
BRH:0
end_of_record
TN:
SF:src\shaders\checkDo.ts
FNF:0
FNH:0
DA:4,1
LF:1
LH:1
BRF:0
BRH:0
end_of_record
TN:
SF:src\shaders\checkK.ts
FNF:0
FNH:0
DA:4,1
LF:1
LH:1
BRF:0
BRH:0
end_of_record
TN:
SF:src\shaders\finalize.ts
FNF:0
FNH:0
DA:4,1
LF:1
LH:1
BRF:0
BRH:0
end_of_record
TN:
SF:src\shaders\headers.ts
FNF:0
FNH:0
DA:4,1
LF:1
LH:1
BRF:0
BRH:0
end_of_record
TN:
SF:src\shaders\increment.ts
FNF:0
FNH:0
DA:4,1
LF:1
LH:1
BRF:0
BRH:0
end_of_record
TN:
SF:src\shaders\init.ts
FNF:0
FNH:0
DA:4,1
LF:1
LH:1
BRF:0
BRH:0
end_of_record
TN:
SF:src\shaders\transform.ts
FNF:0
FNH:0
DA:4,1
LF:1
LH:1
BRF:0
BRH:0
end_of_record
TN:
SF:src\webGL\webGLWorker.ts
FN:10,(anonymous_2)
FN:39,(anonymous_4)
FN:79,(anonymous_5)
FN:87,(anonymous_6)
FN:97,(anonymous_7)
FN:119,(anonymous_8)
FN:163,(anonymous_9)
FN:174,(anonymous_10)
FN:181,(anonymous_11)
FN:192,(anonymous_12)
FN:211,(anonymous_13)
FN:236,(anonymous_14)
FNF:12
FNH:12
FNDA:2,(anonymous_2)
FNDA:1,(anonymous_4)
FNDA:1,(anonymous_5)
FNDA:1,(anonymous_6)
FNDA:6,(anonymous_7)
FNDA:6,(anonymous_8)
FNDA:2,(anonymous_9)
FNDA:1,(anonymous_10)
FNDA:1,(anonymous_11)
FNDA:1,(anonymous_12)
FNDA:6,(anonymous_13)
FNDA:6,(anonymous_14)
DA:1,1
DA:2,1
DA:3,1
DA:4,1
DA:10,2
DA:39,1
DA:40,1
DA:41,1
DA:43,1
DA:44,1
DA:45,1
DA:47,1
DA:48,1
DA:54,1
DA:60,1
DA:65,1
DA:66,1
DA:67,1
DA:68,1
DA:69,1
DA:70,1
DA:71,1
DA:72,1
DA:79,1
DA:80,1
DA:87,1
DA:88,1
DA:97,8
DA:98,6
DA:99,6
DA:101,6
DA:102,6
DA:103,6
DA:104,6
DA:105,6
DA:106,6
DA:107,6
DA:108,2
DA:110,6
DA:119,8
DA:120,6
DA:121,6
DA:122,6
DA:123,0
DA:126,6
DA:127,0
DA:130,6
DA:131,6
DA:132,6
DA:134,6
DA:135,6
DA:136,86
DA:137,86
DA:138,86
DA:140,86
DA:141,86
DA:142,86
DA:143,86
DA:144,2
DA:146,86
DA:148,86
DA:149,86
DA:150,86
DA:153,6
DA:163,1
DA:164,2
DA:165,2
DA:166,2
DA:167,2
DA:174,1
DA:175,1
DA:176,1
DA:177,1
DA:181,1
DA:182,1
DA:183,1
DA:184,1
DA:185,1
DA:186,1
DA:187,1
DA:188,1
DA:192,1
DA:193,1
DA:194,1
DA:195,1
DA:198,1
DA:199,0
DA:211,1
DA:212,6
DA:214,6
DA:216,6
DA:220,6
DA:221,0
DA:222,0
DA:224,0
DA:225,0
DA:228,0
DA:230,0
DA:232,6
DA:236,1
DA:237,6
DA:238,6
DA:239,6
DA:241,1
LF:104
LH:95
BRDA:122,1,0,0
BRDA:122,1,1,6
BRDA:126,2,0,0
BRDA:126,2,1,6
BRDA:134,3,0,6
BRDA:134,3,1,0
BRDA:165,4,0,2
BRDA:165,4,1,1
BRDA:165,5,0,2
BRDA:165,5,1,2
BRDA:165,6,0,2
BRDA:165,6,1,0
BRDA:165,7,0,2
BRDA:165,7,1,0
BRDA:198,8,0,0
BRDA:198,8,1,1
BRDA:220,9,0,0
BRDA:220,9,1,6
BRF:18
BRH:11
end_of_record
TN:
SF:src\webGL\stdlib.ts
FNF:0
FNH:0
DA:4,1
LF:1
LH:1
BRF:0
BRH:0
end_of_record
TN:
SF:src\webGL\vertexShaderCode.ts
FNF:0
FNH:0
DA:4,1
LF:1
LH:1
BRF:0
BRH:0
end_of_record
TN:
SF:src\webGL\webGLHelper.ts
FN:7,(anonymous_1)
FN:12,(anonymous_3)
FN:42,(anonymous_4)
FN:58,(anonymous_5)
FN:77,(anonymous_6)
FN:88,(anonymous_7)
FN:103,(anonymous_8)
FN:139,(anonymous_9)
FNF:8
FNH:5
FNDA:1,(anonymous_1)
FNDA:1,(anonymous_3)
FNDA:3,(anonymous_4)
FNDA:2,(anonymous_5)
FNDA:0,(anonymous_6)
FNDA:0,(anonymous_7)
FNDA:0,(anonymous_8)
FNDA:86,(anonymous_9)
DA:1,1
DA:7,2
DA:12,1
DA:13,1
DA:14,1
DA:16,1
DA:17,1
DA:19,1
DA:21,1
DA:22,0
DA:25,1
DA:27,0
DA:30,0
DA:42,1
DA:43,3
DA:45,3
DA:46,3
DA:48,3
DA:58,1
DA:59,2
DA:61,2
DA:62,2
DA:63,2
DA:64,2
DA:65,2
DA:66,2
DA:67,2
DA:69,2
DA:77,1
DA:78,0
DA:88,1
DA:89,0
DA:90,0
DA:91,0
DA:92,0
DA:103,1
DA:104,0
DA:105,0
DA:106,0
DA:107,0
DA:108,0
DA:109,0
DA:110,0
DA:111,0
DA:113,0
DA:114,0
DA:115,0
DA:116,0
DA:119,0
DA:120,0
DA:121,0
DA:124,0
DA:125,0
DA:126,0
DA:130,0
DA:139,1
DA:140,86
DA:142,86
DA:145,86
DA:147,86
DA:148,0
DA:151,1
LF:62
LH:34
BRDA:13,1,0,1
BRDA:13,1,1,0
BRDA:13,2,0,1
BRDA:13,2,1,1
BRDA:16,3,0,1
BRDA:16,3,1,0
BRDA:19,4,0,1
BRDA:19,4,1,0
BRDA:21,5,0,0
BRDA:21,5,1,1
BRDA:45,6,0,3
BRDA:45,6,1,2
BRDA:46,7,0,3
BRDA:46,7,1,2
BRDA:46,8,0,3
BRDA:46,8,1,2
BRDA:113,9,0,0
BRDA:113,9,1,0
BRDA:115,10,0,0
BRDA:115,10,1,0
BRDA:120,11,0,0
BRDA:120,11,1,0
BRDA:125,12,0,0
BRDA:125,12,1,0
BRDA:147,13,0,0
BRDA:147,13,1,86
BRF:26
BRH:13
end_of_record
TN:
SF:src\pearlDiver\pearlDiverState.ts
FN:4,(anonymous_1)
FNF:1
FNH:1
FNDA:1,(anonymous_1)
DA:4,2
DA:5,1
DA:6,1
DA:7,1
LF:4
LH:4
BRDA:4,1,0,1
BRDA:4,1,1,1
BRF:2
BRH:2
end_of_record
