TN:
SF:src\pearlDiver\pearlDiver.ts
FN:72,(anonymous_8)
FN:98,(anonymous_9)
FN:107,(anonymous_10)
FN:119,(anonymous_11)
FN:125,(anonymous_13)
FN:140,(anonymous_14)
FN:156,(anonymous_16)
FN:181,(anonymous_17)
FN:193,(anonymous_18)
FN:204,(anonymous_19)
FN:212,(anonymous_20)
FN:222,(anonymous_21)
FN:239,(anonymous_22)
FNF:13
FNH:13
FNDA:14,(anonymous_8)
FNDA:15,(anonymous_9)
FNDA:17,(anonymous_10)
FNDA:6,(anonymous_11)
FNDA:6,(anonymous_13)
FNDA:6,(anonymous_14)
FNDA:6,(anonymous_16)
FNDA:6,(anonymous_17)
FNDA:9,(anonymous_18)
FNDA:6,(anonymous_19)
FNDA:6,(anonymous_20)
FNDA:4,(anonymous_21)
FNDA:4,(anonymous_22)
DA:1,1
DA:2,1
DA:3,1
DA:6,1
DA:7,1
DA:8,1
DA:9,1
DA:10,1
DA:11,1
DA:12,1
DA:13,1
DA:14,1
DA:15,1
DA:18,1
DA:23,1
DA:27,1
DA:30,1
DA:32,1
DA:34,1
DA:36,1
DA:38,1
DA:40,1
DA:42,1
DA:44,1
DA:46,1
DA:48,1
DA:73,14
DA:74,14
DA:75,14
DA:76,14
DA:77,14
DA:78,14
DA:79,14
DA:80,14
DA:81,14
DA:83,14
DA:84,9
DA:85,9
DA:86,8
DA:87,8
DA:88,8
DA:89,8
DA:90,8
DA:91,8
DA:92,8
DA:99,15
DA:100,14
DA:108,17
DA:109,7
DA:120,6
DA:121,6
DA:126,6
DA:127,6
DA:128,6
DA:129,6
DA:130,6
DA:131,6
DA:134,1458
DA:136,6
DA:143,6
DA:144,6
DA:149,6
DA:150,5
DA:157,6
DA:161,6
DA:162,4374
DA:164,2376
DA:165,2376
DA:166,2376
DA:168,1032
DA:169,1032
DA:170,1032
DA:172,966
DA:173,966
DA:176,6
DA:177,6
DA:182,6
DA:183,6
DA:184,6
DA:185,6
DA:186,6
DA:187,6
DA:188,6
DA:189,6
DA:194,9
DA:195,9
DA:196,3
DA:198,6
DA:199,6
DA:205,6
DA:206,6
DA:207,6
DA:208,4
DA:213,6
DA:214,4374
DA:215,4374
DA:216,4374
DA:217,4374
DA:223,4
DA:224,4
DA:225,4
DA:226,4
DA:228,4
DA:229,4
DA:232,972
DA:234,4
DA:235,4
DA:240,22834400
LF:108
LH:108
BRDA:99,1,0,14
BRDA:99,1,1,1
BRDA:108,2,0,7
BRDA:108,2,1,10
BRDA:149,3,0,5
BRDA:149,3,1,1
BRDA:163,4,0,2376
BRDA:163,4,1,1032
BRDA:163,4,2,966
BRDA:195,5,0,3
BRDA:195,5,1,6
BRDA:240,6,0,22834400
BRDA:240,6,1,22834400
BRDA:240,7,0,5708600
BRDA:240,7,1,17125800
BRF:15
BRH:15
end_of_record
TN:
SF:src\shaders\add.ts
FNF:0
FNH:0
DA:4,1
LF:1
LH:1
BRF:0
BRH:0
end_of_record
TN:
SF:src\shaders\checkCol.ts
FNF:0
FNH:0
DA:4,1
LF:1
LH:1
BRF:0
BRH:0
end_of_record
TN:
SF:src\shaders\checkDo.ts
FNF:0
FNH:0
DA:4,1
LF:1
LH:1
BRF:0
BRH:0
end_of_record
TN:
SF:src\shaders\checkK.ts
FNF:0
FNH:0
DA:4,1
LF:1
LH:1
BRF:0
BRH:0
end_of_record
TN:
SF:src\shaders\finalize.ts
FNF:0
FNH:0
DA:4,1
LF:1
LH:1
BRF:0
BRH:0
end_of_record
TN:
SF:src\shaders\headers.ts
FNF:0
FNH:0
DA:4,1
LF:1
LH:1
BRF:0
BRH:0
end_of_record
TN:
SF:src\shaders\increment.ts
FNF:0
FNH:0
DA:4,1
LF:1
LH:1
BRF:0
BRH:0
end_of_record
TN:
SF:src\shaders\init.ts
FNF:0
FNH:0
DA:4,1
LF:1
LH:1
BRF:0
BRH:0
end_of_record
TN:
SF:src\shaders\transform.ts
FNF:0
FNH:0
DA:4,1
LF:1
LH:1
BRF:0
BRH:0
end_of_record
TN:
SF:src\webGL\webGLWorker.ts
FN:41,(anonymous_2)
FN:81,(anonymous_3)
FN:89,(anonymous_4)
FN:99,(anonymous_5)
FN:121,(anonymous_6)
FN:162,(anonymous_7)
FN:173,(anonymous_8)
FN:180,(anonymous_9)
FN:191,(anonymous_10)
FN:210,(anonymous_11)
FN:235,(anonymous_12)
FNF:11
FNH:11
FNDA:14,(anonymous_2)
FNDA:4,(anonymous_3)
FNDA:9,(anonymous_4)
FNDA:49,(anonymous_5)
FNDA:26,(anonymous_6)
FNDA:4,(anonymous_7)
FNDA:6,(anonymous_8)
FNDA:10,(anonymous_9)
FNDA:10,(anonymous_10)
FNDA:49,(anonymous_11)
FNDA:24,(anonymous_12)
DA:1,1
DA:3,1
DA:4,1
DA:5,1
DA:11,1
DA:42,14
DA:43,10
DA:45,10
DA:46,10
DA:47,10
DA:49,10
DA:50,10
DA:56,10
DA:62,10
DA:67,10
DA:68,10
DA:69,10
DA:70,10
DA:71,10
DA:72,9
DA:73,9
DA:74,9
DA:82,4
DA:90,9
DA:100,49
DA:101,48
DA:103,48
DA:104,48
DA:105,48
DA:106,48
DA:107,48
DA:108,48
DA:109,48
DA:110,16
DA:112,48
DA:122,26
DA:123,26
DA:125,26
DA:126,1
DA:129,25
DA:130,25
DA:131,25
DA:133,25
DA:134,25
DA:135,345
DA:136,345
DA:137,345
DA:139,345
DA:140,345
DA:141,344
DA:142,344
DA:143,8
DA:145,344
DA:147,344
DA:148,344
DA:149,344
DA:152,24
DA:163,4
DA:164,4
DA:165,4
DA:166,4
DA:174,6
DA:175,6
DA:176,6
DA:181,10
DA:182,10
DA:183,10
DA:184,10
DA:185,10
DA:186,10
DA:187,10
DA:192,10
DA:193,10
DA:194,10
DA:197,10
DA:198,1
DA:211,49
DA:213,49
DA:215,49
DA:219,49
DA:220,1
DA:221,1
DA:223,1
DA:224,80
DA:227,1
DA:229,1
DA:231,48
DA:236,24
DA:237,24
DA:238,24
LF:90
LH:90
BRDA:125,1,0,1
BRDA:125,1,1,25
BRDA:197,2,0,1
BRDA:197,2,1,9
BRDA:219,3,0,1
BRDA:219,3,1,48
BRF:6
BRH:6
end_of_record
TN:
SF:src\webGL\stdlib.ts
FNF:0
FNH:0
DA:4,1
LF:1
LH:1
BRF:0
BRH:0
end_of_record
TN:
SF:src\webGL\vertexShaderCode.ts
FNF:0
FNH:0
DA:4,1
LF:1
LH:1
BRF:0
BRH:0
end_of_record
TN:
SF:src\webGL\webGLHelper.ts
FN:14,(anonymous_1)
FN:50,(anonymous_2)
FN:66,(anonymous_3)
FN:86,(anonymous_4)
FNF:4
FNH:4
FNDA:14,(anonymous_1)
FNDA:30,(anonymous_2)
FNDA:18,(anonymous_3)
FNDA:345,(anonymous_4)
DA:1,1
DA:2,1
DA:9,1
DA:15,14
DA:17,14
DA:18,13
DA:20,13
DA:21,12
DA:23,12
DA:24,11
DA:26,11
DA:27,1
DA:30,10
DA:32,1
DA:35,1
DA:38,1
DA:51,30
DA:53,30
DA:54,30
DA:56,30
DA:67,18
DA:69,18
DA:70,18
DA:71,18
DA:72,18
DA:73,18
DA:74,18
DA:75,18
DA:77,18
DA:87,345
DA:89,345
DA:92,345
DA:94,345
DA:95,1
LF:34
LH:34
BRDA:17,1,0,13
BRDA:17,1,1,1
BRDA:17,2,0,14
BRDA:17,2,1,13
BRDA:20,3,0,12
BRDA:20,3,1,1
BRDA:23,4,0,11
BRDA:23,4,1,1
BRDA:26,5,0,1
BRDA:26,5,1,10
BRDA:53,6,0,30
BRDA:53,6,1,20
BRDA:54,7,0,30
BRDA:54,7,1,20
BRDA:54,8,0,30
BRDA:54,8,1,20
BRDA:94,9,0,1
BRDA:94,9,1,344
BRF:18
BRH:18
end_of_record
TN:
SF:src\pearlDiver\pearlDiverState.ts
FN:4,(anonymous_1)
FNF:1
FNH:1
FNDA:1,(anonymous_1)
DA:4,2
DA:5,1
DA:6,1
DA:7,1
LF:4
LH:4
BRDA:4,1,0,1
BRDA:4,1,1,1
BRF:2
BRH:2
end_of_record
TN:
SF:src\proofOfWork.ts
FN:25,(anonymous_7)
FN:46,(anonymous_8)
FN:62,(anonymous_10)
FN:74,(anonymous_11)
FNF:4
FNH:4
FNDA:17,(anonymous_7)
FNDA:15,(anonymous_8)
FNDA:1,(anonymous_10)
FNDA:9,(anonymous_11)
DA:1,1
DA:2,1
DA:3,1
DA:4,1
DA:7,1
DA:9,1
DA:15,1
DA:26,17
DA:27,9
DA:28,6
DA:29,6
DA:30,6
DA:32,6
DA:33,6
DA:34,6
DA:38,8
DA:47,15
DA:48,15
DA:49,15
DA:50,9
DA:51,9
DA:53,6
DA:63,1
DA:75,9
DA:76,1
DA:78,8
DA:79,1
DA:81,7
DA:82,1
DA:85,6
DA:87,4
DA:88,4
DA:89,4
LF:33
LH:33
BRDA:26,1,0,9
BRDA:26,1,1,8
BRDA:75,2,0,1
BRDA:75,2,1,8
BRDA:78,3,0,1
BRDA:78,3,1,7
BRDA:81,4,0,1
BRDA:81,4,1,6
BRDA:81,5,0,7
BRDA:81,5,1,6
BRF:10
BRH:10
end_of_record
